TN:
SF:src/App.jsx
FN:1,(empty-report)
FNF:1
FNH:0
FNDA:0,(empty-report)
DA:1,0
DA:2,0
DA:3,0
DA:4,0
DA:5,0
DA:6,0
DA:8,0
DA:9,0
DA:10,0
DA:11,0
DA:12,0
DA:13,0
DA:15,0
DA:16,0
DA:17,0
DA:18,0
DA:19,0
DA:20,0
DA:22,0
DA:23,0
DA:24,0
DA:25,0
DA:26,0
DA:28,0
DA:29,0
DA:30,0
DA:31,0
DA:32,0
DA:34,0
DA:35,0
DA:36,0
DA:37,0
DA:38,0
DA:39,0
DA:41,0
DA:42,0
DA:44,0
DA:45,0
DA:46,0
DA:48,0
DA:49,0
DA:51,0
DA:52,0
DA:53,0
DA:56,0
DA:58,0
DA:59,0
DA:61,0
DA:62,0
DA:63,0
DA:64,0
DA:65,0
DA:66,0
DA:69,0
DA:70,0
DA:71,0
DA:72,0
DA:73,0
DA:74,0
DA:77,0
DA:80,0
DA:81,0
DA:82,0
DA:83,0
DA:84,0
DA:85,0
DA:86,0
DA:87,0
DA:88,0
DA:90,0
DA:91,0
DA:94,0
DA:95,0
DA:96,0
DA:97,0
DA:101,0
DA:102,0
DA:103,0
DA:104,0
DA:105,0
DA:106,0
DA:107,0
DA:108,0
DA:109,0
DA:110,0
DA:111,0
DA:112,0
DA:113,0
DA:114,0
DA:115,0
DA:116,0
DA:117,0
DA:118,0
DA:119,0
DA:120,0
DA:123,0
DA:124,0
DA:125,0
DA:126,0
DA:128,0
DA:129,0
DA:130,0
DA:131,0
DA:133,0
DA:134,0
DA:135,0
DA:136,0
DA:138,0
DA:140,0
LF:109
LH:0
BRDA:1,0,0,0
BRF:1
BRH:0
end_of_record
TN:
SF:src/main.jsx
FN:1,(empty-report)
FNF:1
FNH:0
FNDA:0,(empty-report)
DA:1,0
DA:2,0
DA:3,0
DA:4,0
DA:6,0
DA:7,0
DA:8,0
DA:9,0
DA:10,0
LF:9
LH:0
BRDA:1,0,0,0
BRF:1
BRH:0
end_of_record
TN:
SF:src/api/classificationAPI.js
FN:1,(empty-report)
FNF:1
FNH:0
FNDA:0,(empty-report)
DA:1,0
DA:2,0
DA:3,0
DA:4,0
DA:5,0
DA:6,0
DA:7,0
DA:11,0
DA:13,0
DA:14,0
DA:15,0
DA:16,0
DA:17,0
DA:18,0
DA:19,0
DA:20,0
DA:21,0
DA:22,0
DA:23,0
DA:24,0
DA:25,0
DA:26,0
DA:27,0
DA:28,0
DA:30,0
DA:31,0
DA:32,0
DA:33,0
DA:35,0
DA:36,0
DA:37,0
DA:38,0
DA:39,0
DA:41,0
DA:42,0
DA:43,0
DA:44,0
DA:45,0
DA:46,0
DA:47,0
DA:48,0
DA:49,0
DA:50,0
DA:51,0
DA:52,0
DA:53,0
DA:54,0
DA:55,0
DA:56,0
DA:57,0
DA:58,0
DA:59,0
DA:60,0
DA:61,0
DA:62,0
DA:63,0
DA:64,0
DA:65,0
DA:66,0
DA:67,0
DA:68,0
DA:69,0
DA:70,0
DA:71,0
DA:72,0
DA:73,0
DA:74,0
DA:76,0
DA:77,0
DA:78,0
DA:79,0
DA:80,0
DA:81,0
DA:82,0
DA:83,0
DA:84,0
DA:85,0
DA:86,0
DA:87,0
DA:88,0
DA:89,0
DA:91,0
DA:92,0
DA:93,0
DA:94,0
DA:95,0
DA:96,0
DA:97,0
DA:98,0
DA:99,0
DA:100,0
DA:101,0
DA:102,0
DA:103,0
DA:104,0
DA:105,0
DA:106,0
DA:107,0
DA:108,0
DA:109,0
DA:110,0
DA:111,0
DA:112,0
DA:113,0
DA:114,0
DA:115,0
DA:116,0
DA:118,0
DA:119,0
DA:120,0
DA:121,0
DA:122,0
DA:123,0
DA:124,0
DA:125,0
DA:126,0
DA:127,0
DA:128,0
DA:129,0
DA:130,0
DA:132,0
DA:133,0
DA:134,0
DA:135,0
DA:136,0
DA:137,0
DA:138,0
DA:139,0
DA:140,0
DA:141,0
DA:142,0
DA:143,0
DA:144,0
DA:145,0
DA:146,0
DA:147,0
DA:148,0
DA:149,0
DA:150,0
DA:151,0
DA:152,0
DA:153,0
DA:154,0
DA:155,0
DA:156,0
DA:157,0
DA:159,0
DA:160,0
DA:161,0
DA:162,0
DA:163,0
DA:164,0
DA:165,0
DA:166,0
DA:167,0
DA:168,0
DA:169,0
DA:170,0
DA:171,0
DA:172,0
DA:173,0
DA:174,0
DA:175,0
DA:176,0
DA:177,0
DA:178,0
DA:179,0
LF:167
LH:0
BRDA:1,0,0,0
BRF:1
BRH:0
end_of_record
TN:
SF:src/components/ClassificationResult.jsx
FN:11,ClassificationResult
FNF:1
FNH:1
FNDA:11,ClassificationResult
DA:1,1
DA:8,1
DA:9,1
DA:11,11
DA:12,11
DA:13,11
DA:15,11
DA:17,11
DA:18,11
DA:19,0
DA:20,0
DA:21,11
DA:24,11
DA:25,11
DA:26,11
DA:27,0
DA:28,11
DA:30,11
DA:31,11
DA:32,11
DA:33,11
DA:35,11
DA:36,1
DA:37,1
DA:39,11
DA:40,11
DA:41,11
DA:43,11
DA:45,11
DA:46,11
DA:47,11
DA:49,11
DA:50,11
DA:51,11
DA:52,0
DA:54,11
DA:57,11
DA:58,11
DA:60,11
DA:61,11
DA:62,11
DA:63,11
DA:66,11
DA:67,11
DA:68,11
DA:69,11
DA:70,11
DA:71,11
DA:72,11
DA:73,11
DA:74,11
DA:75,11
DA:76,11
DA:79,11
DA:80,4
DA:81,4
DA:82,4
DA:83,4
DA:84,12
DA:85,12
DA:86,12
DA:87,12
DA:88,12
DA:89,12
DA:90,12
DA:91,12
DA:92,12
DA:93,12
DA:94,12
DA:95,12
DA:97,4
DA:98,4
DA:99,4
DA:101,11
DA:102,11
DA:103,11
DA:105,11
DA:107,1
LF:78
LH:74
BRDA:11,0,0,11
BRDA:35,1,0,1
BRDA:37,2,0,10
BRDA:39,3,0,0
BRDA:40,4,0,1
BRDA:41,5,0,0
BRDA:51,6,0,0
BRDA:79,7,0,10
BRDA:79,8,0,4
BRDA:15,9,0,11
BRDA:24,10,0,10
BRDA:24,11,0,2
BRDA:30,12,0,11
BRDA:83,13,0,12
BRF:14
BRH:11
end_of_record
TN:
SF:src/components/ErrorDisplay.jsx
FN:1,(empty-report)
FNF:1
FNH:0
FNDA:0,(empty-report)
DA:1,0
DA:8,0
DA:9,0
DA:11,0
DA:12,0
DA:13,0
DA:14,0
DA:16,0
DA:17,0
DA:18,0
DA:19,0
DA:20,0
DA:21,0
DA:22,0
DA:24,0
DA:26,0
LF:16
LH:0
BRDA:1,0,0,0
BRF:1
BRH:0
end_of_record
TN:
SF:src/components/ImagePreview.jsx
FN:13,ImagePreview
FN:14,handleClassify
FNF:2
FNH:2
FNDA:9,ImagePreview
FNDA:5,handleClassify
DA:1,1
DA:8,1
DA:9,1
DA:10,1
DA:11,1
DA:13,9
DA:14,9
DA:15,5
DA:16,1
DA:17,1
DA:18,1
DA:19,1
DA:20,1
DA:22,4
DA:23,4
DA:24,4
DA:26,4
DA:27,4
DA:29,3
DA:30,3
DA:31,3
DA:32,5
DA:33,1
DA:34,1
DA:35,1
DA:36,5
DA:37,4
DA:38,4
DA:39,4
DA:40,4
DA:41,5
DA:43,9
DA:44,9
DA:46,9
DA:47,9
DA:48,9
DA:49,9
DA:50,8
DA:51,8
DA:52,8
DA:53,8
DA:54,8
DA:56,9
DA:57,9
DA:60,9
DA:61,2
DA:65,9
DA:66,9
DA:67,9
DA:68,9
DA:69,9
DA:71,9
DA:72,9
DA:73,9
DA:74,9
DA:75,9
DA:76,9
DA:77,9
DA:79,9
DA:80,9
DA:81,9
DA:83,9
DA:85,1
LF:63
LH:63
BRDA:13,0,0,9
BRDA:49,1,0,8
BRDA:49,2,0,8
BRDA:60,3,0,2
BRDA:71,4,0,2
BRDA:71,5,0,7
BRDA:14,6,0,5
BRDA:15,7,0,4
BRDA:15,8,0,1
BRDA:20,9,0,4
BRDA:27,10,0,3
BRDA:32,11,0,1
BRDA:34,12,0,0
BRDA:36,13,0,4
BRF:14
BRH:13
end_of_record
TN:
SF:src/components/ImageUpload.jsx
FN:12,ImageUpload
FN:16,processFile
FN:54,handleFileChange
FN:59,handleClick
FN:65,handleDragOver
FN:73,handleDragLeave
FN:79,handleDrop
FNF:7
FNH:5
FNDA:11,ImageUpload
FNDA:8,processFile
FNDA:4,handleFileChange
FNDA:0,handleClick
FNDA:1,handleDragOver
FNDA:0,handleDragLeave
FNDA:5,handleDrop
DA:1,1
DA:8,1
DA:9,1
DA:10,1
DA:12,11
DA:13,11
DA:14,11
DA:16,11
DA:17,8
DA:18,0
DA:19,0
DA:21,8
DA:22,8
DA:23,8
DA:25,8
DA:26,0
DA:27,0
DA:28,0
DA:29,0
DA:31,8
DA:32,0
DA:33,0
DA:34,0
DA:35,0
DA:37,8
DA:38,1
DA:39,1
DA:40,1
DA:41,1
DA:43,8
DA:44,2
DA:45,2
DA:46,2
DA:47,2
DA:48,2
DA:50,5
DA:51,5
DA:52,8
DA:54,11
DA:55,4
DA:56,4
DA:57,4
DA:59,11
DA:60,0
DA:61,0
DA:62,0
DA:63,0
DA:65,11
DA:66,1
DA:67,1
DA:68,1
DA:69,1
DA:70,1
DA:71,1
DA:73,11
DA:74,0
DA:75,0
DA:76,0
DA:77,0
DA:79,11
DA:80,5
DA:81,5
DA:82,5
DA:84,5
DA:85,1
DA:86,1
DA:88,4
DA:89,5
DA:90,4
DA:91,4
DA:92,4
DA:93,5
DA:95,11
DA:96,11
DA:97,11
DA:98,11
DA:99,11
DA:100,11
DA:101,11
DA:102,11
DA:103,11
DA:104,11
DA:107,11
DA:108,11
DA:109,11
DA:110,11
DA:111,11
DA:112,11
DA:113,11
DA:114,11
DA:116,11
DA:117,11
DA:118,11
DA:119,11
DA:120,11
DA:121,11
DA:122,11
DA:123,11
DA:124,11
DA:125,11
DA:128,11
DA:129,11
DA:131,11
DA:132,11
DA:133,11
DA:134,11
DA:136,11
DA:138,1
LF:108
LH:90
BRDA:12,0,0,11
BRDA:109,1,0,1
BRDA:109,2,0,10
BRDA:114,3,0,1
BRDA:114,4,0,10
BRDA:114,5,0,1
BRDA:114,6,0,10
BRDA:120,7,0,1
BRDA:120,8,0,10
BRDA:120,9,0,1
BRDA:120,10,0,9
BRDA:16,11,0,8
BRDA:17,12,0,0
BRDA:25,13,0,0
BRDA:31,14,0,0
BRDA:37,15,0,1
BRDA:41,16,0,7
BRDA:43,17,0,2
BRDA:48,18,0,5
BRDA:54,19,0,4
BRDA:65,20,0,1
BRDA:79,21,0,5
BRDA:84,22,0,1
BRDA:86,23,0,4
BRDA:89,24,0,4
BRF:25
BRH:22
end_of_record
TN:
SF:src/components/LoadingSpinner.jsx
FN:11,LoadingSpinner
FNF:1
FNH:1
FNDA:6,LoadingSpinner
DA:1,1
DA:8,1
DA:9,1
DA:11,6
DA:12,6
DA:14,6
DA:15,6
DA:16,0
DA:17,0
DA:18,0
DA:19,0
DA:20,6
DA:22,6
DA:23,6
DA:25,6
DA:26,6
DA:27,6
DA:28,6
DA:29,6
DA:30,6
DA:31,6
DA:32,6
DA:33,6
DA:34,6
DA:35,6
DA:36,6
DA:37,6
DA:39,6
DA:41,1
LF:29
LH:25
BRDA:11,0,0,6
BRDA:14,1,0,6
BRDA:22,2,0,6
BRF:3
BRH:3
end_of_record
TN:
SF:src/utils/errorMessages.js
FN:36,formatErrorMessage
FN:86,getErrorType
FNF:2
FNH:1
FNDA:3,formatErrorMessage
FNDA:0,getErrorType
DA:1,1
DA:2,1
DA:3,1
DA:4,1
DA:5,1
DA:6,1
DA:8,1
DA:9,1
DA:10,1
DA:11,1
DA:12,1
DA:13,1
DA:14,1
DA:15,1
DA:16,1
DA:17,1
DA:18,1
DA:19,1
DA:20,1
DA:21,1
DA:22,1
DA:23,1
DA:24,1
DA:25,1
DA:26,1
DA:27,1
DA:28,1
DA:29,1
DA:31,1
DA:32,1
DA:33,1
DA:34,1
DA:35,1
DA:36,1
DA:37,3
DA:38,3
DA:39,3
DA:40,3
DA:41,3
DA:42,3
DA:43,3
DA:44,1
DA:45,1
DA:46,2
DA:47,2
DA:48,3
DA:49,2
DA:50,2
DA:51,2
DA:52,2
DA:53,2
DA:54,0
DA:55,0
DA:56,0
DA:57,0
DA:58,3
DA:59,0
DA:60,0
DA:61,0
DA:62,0
DA:63,3
DA:64,0
DA:65,0
DA:66,0
DA:67,0
DA:68,3
DA:69,0
DA:70,0
DA:71,0
DA:72,0
DA:73,3
DA:74,0
DA:75,0
DA:76,0
DA:77,0
DA:78,0
DA:79,0
DA:81,1
DA:82,1
DA:83,1
DA:84,1
DA:85,1
DA:86,1
DA:87,0
DA:88,0
DA:89,0
DA:90,0
DA:91,0
DA:92,0
DA:93,0
DA:94,0
DA:95,0
DA:96,0
DA:97,0
DA:98,0
DA:99,0
DA:100,0
DA:101,0
DA:102,0
DA:103,0
DA:104,0
DA:105,0
DA:106,0
DA:107,0
DA:108,0
DA:109,0
DA:110,0
DA:111,0
DA:112,0
DA:113,0
DA:114,0
DA:115,0
DA:116,0
LF:113
LH:61
BRDA:36,0,0,3
BRDA:37,1,0,0
BRDA:43,2,0,1
BRDA:43,3,0,0
BRDA:43,4,0,1
BRDA:45,5,0,2
BRDA:48,6,0,0
BRDA:48,7,0,0
BRDA:48,8,0,2
BRDA:53,9,0,0
BRDA:55,10,0,0
BRDA:58,11,0,0
BRDA:63,12,0,0
BRDA:68,13,0,0
BRDA:73,14,0,0
BRDA:73,15,0,0
BRF:16
BRH:5
end_of_record
